2023-06-08 14:13:47,569 [Worker-5: Loading available Gradle versions] INFO  o.e.b.c.i.u.g.PublishedGradleVersions - Gradle version information cache is up-to-date. Trying to read.
2023-06-08 14:14:01,088 [Worker-11: Deferred Early Start] INFO  o.a.h.c.h.i.c.HttpRequestRetryExec - Recoverable I/O exception (java.net.SocketException) caught when processing request to {s}->https://www.eclipse.org:443
2023-06-08 14:15:16,576 [Worker-5: Loading available Gradle versions] INFO  o.e.b.c.i.u.g.PublishedGradleVersions - Gradle version information cache is up-to-date. Trying to read.
2023-07-11 12:32:10,679 [Worker-2: Loading available Gradle versions] INFO  o.e.b.c.i.u.g.PublishedGradleVersions - Gradle version information cache is up-to-date. Trying to read.
2023-07-11 12:34:56,515 [Worker-16: Launching mavenrun-20c2bda8-7eb7-4cef-8e9d-2624771a0ab4] INFO  o.eclipse.m2e.core.internal.Bundles - getClasspathEntries(Bundle=org.eclipse.m2e.maven.runtime_3.8.701.20230209-1606 [607])
2023-07-11 12:34:56,525 [Worker-16: Launching mavenrun-20c2bda8-7eb7-4cef-8e9d-2624771a0ab4] INFO  o.eclipse.m2e.core.internal.Bundles - 	Entry: C:\Users\sande\.p2\pool\plugins\org.eclipse.m2e.maven.runtime_3.8.701.20230209-1606
2023-07-11 12:34:56,526 [Worker-16: Launching mavenrun-20c2bda8-7eb7-4cef-8e9d-2624771a0ab4] INFO  o.eclipse.m2e.core.internal.Bundles - 	Entry: C:\Users\sande\.p2\pool\plugins\org.eclipse.m2e.maven.runtime_3.8.701.20230209-1606\jars\aether-connector-okhttp-0.17.8.jar
2023-07-11 12:34:56,526 [Worker-16: Launching mavenrun-20c2bda8-7eb7-4cef-8e9d-2624771a0ab4] INFO  o.eclipse.m2e.core.internal.Bundles - 	Entry: C:\Users\sande\.p2\pool\plugins\org.eclipse.m2e.maven.runtime_3.8.701.20230209-1606\jars\commons-lang3-3.8.1.jar
2023-07-11 12:34:56,526 [Worker-16: Launching mavenrun-20c2bda8-7eb7-4cef-8e9d-2624771a0ab4] INFO  o.eclipse.m2e.core.internal.Bundles - 	Entry: C:\Users\sande\.p2\pool\plugins\org.eclipse.m2e.maven.runtime_3.8.701.20230209-1606\jars\guice-4.2.2-no_aop.jar
2023-07-11 12:34:56,527 [Worker-16: Launching mavenrun-20c2bda8-7eb7-4cef-8e9d-2624771a0ab4] INFO  o.eclipse.m2e.core.internal.Bundles - 	Entry: C:\Users\sande\.p2\pool\plugins\org.eclipse.m2e.maven.runtime_3.8.701.20230209-1606\jars\jansi-2.4.0.jar
2023-07-11 12:34:56,527 [Worker-16: Launching mavenrun-20c2bda8-7eb7-4cef-8e9d-2624771a0ab4] INFO  o.eclipse.m2e.core.internal.Bundles - 	Entry: C:\Users\sande\.p2\pool\plugins\org.eclipse.m2e.maven.runtime_3.8.701.20230209-1606\jars\maven-artifact-3.8.7.jar
2023-07-11 12:34:56,527 [Worker-16: Launching mavenrun-20c2bda8-7eb7-4cef-8e9d-2624771a0ab4] INFO  o.eclipse.m2e.core.internal.Bundles - 	Entry: C:\Users\sande\.p2\pool\plugins\org.eclipse.m2e.maven.runtime_3.8.701.20230209-1606\jars\maven-builder-support-3.8.7.jar
2023-07-11 12:34:56,527 [Worker-16: Launching mavenrun-20c2bda8-7eb7-4cef-8e9d-2624771a0ab4] INFO  o.eclipse.m2e.core.internal.Bundles - 	Entry: C:\Users\sande\.p2\pool\plugins\org.eclipse.m2e.maven.runtime_3.8.701.20230209-1606\jars\maven-compat-3.8.7.jar
2023-07-11 12:34:56,528 [Worker-16: Launching mavenrun-20c2bda8-7eb7-4cef-8e9d-2624771a0ab4] INFO  o.eclipse.m2e.core.internal.Bundles - 	Entry: C:\Users\sande\.p2\pool\plugins\org.eclipse.m2e.maven.runtime_3.8.701.20230209-1606\jars\maven-core-3.8.7.jar
2023-07-11 12:34:56,528 [Worker-16: Launching mavenrun-20c2bda8-7eb7-4cef-8e9d-2624771a0ab4] INFO  o.eclipse.m2e.core.internal.Bundles - 	Entry: C:\Users\sande\.p2\pool\plugins\org.eclipse.m2e.maven.runtime_3.8.701.20230209-1606\jars\maven-embedder-3.8.7.jar
2023-07-11 12:34:56,528 [Worker-16: Launching mavenrun-20c2bda8-7eb7-4cef-8e9d-2624771a0ab4] INFO  o.eclipse.m2e.core.internal.Bundles - 	Entry: C:\Users\sande\.p2\pool\plugins\org.eclipse.m2e.maven.runtime_3.8.701.20230209-1606\jars\maven-model-3.8.7.jar
2023-07-11 12:34:56,528 [Worker-16: Launching mavenrun-20c2bda8-7eb7-4cef-8e9d-2624771a0ab4] INFO  o.eclipse.m2e.core.internal.Bundles - 	Entry: C:\Users\sande\.p2\pool\plugins\org.eclipse.m2e.maven.runtime_3.8.701.20230209-1606\jars\maven-model-builder-3.8.7.jar
2023-07-11 12:34:56,529 [Worker-16: Launching mavenrun-20c2bda8-7eb7-4cef-8e9d-2624771a0ab4] INFO  o.eclipse.m2e.core.internal.Bundles - 	Entry: C:\Users\sande\.p2\pool\plugins\org.eclipse.m2e.maven.runtime_3.8.701.20230209-1606\jars\maven-plugin-api-3.8.7.jar
2023-07-11 12:34:56,529 [Worker-16: Launching mavenrun-20c2bda8-7eb7-4cef-8e9d-2624771a0ab4] INFO  o.eclipse.m2e.core.internal.Bundles - 	Entry: C:\Users\sande\.p2\pool\plugins\org.eclipse.m2e.maven.runtime_3.8.701.20230209-1606\jars\maven-repository-metadata-3.8.7.jar
2023-07-11 12:34:56,530 [Worker-16: Launching mavenrun-20c2bda8-7eb7-4cef-8e9d-2624771a0ab4] INFO  o.eclipse.m2e.core.internal.Bundles - 	Entry: C:\Users\sande\.p2\pool\plugins\org.eclipse.m2e.maven.runtime_3.8.701.20230209-1606\jars\maven-resolver-api-1.6.3.jar
2023-07-11 12:34:56,530 [Worker-16: Launching mavenrun-20c2bda8-7eb7-4cef-8e9d-2624771a0ab4] INFO  o.eclipse.m2e.core.internal.Bundles - 	Entry: C:\Users\sande\.p2\pool\plugins\org.eclipse.m2e.maven.runtime_3.8.701.20230209-1606\jars\maven-resolver-connector-basic-1.6.3.jar
2023-07-11 12:34:56,530 [Worker-16: Launching mavenrun-20c2bda8-7eb7-4cef-8e9d-2624771a0ab4] INFO  o.eclipse.m2e.core.internal.Bundles - 	Entry: C:\Users\sande\.p2\pool\plugins\org.eclipse.m2e.maven.runtime_3.8.701.20230209-1606\jars\maven-resolver-impl-1.6.3.jar
2023-07-11 12:34:56,530 [Worker-16: Launching mavenrun-20c2bda8-7eb7-4cef-8e9d-2624771a0ab4] INFO  o.eclipse.m2e.core.internal.Bundles - 	Entry: C:\Users\sande\.p2\pool\plugins\org.eclipse.m2e.maven.runtime_3.8.701.20230209-1606\jars\maven-resolver-provider-3.8.7.jar
2023-07-11 12:34:56,531 [Worker-16: Launching mavenrun-20c2bda8-7eb7-4cef-8e9d-2624771a0ab4] INFO  o.eclipse.m2e.core.internal.Bundles - 	Entry: C:\Users\sande\.p2\pool\plugins\org.eclipse.m2e.maven.runtime_3.8.701.20230209-1606\jars\maven-resolver-spi-1.6.3.jar
2023-07-11 12:34:56,531 [Worker-16: Launching mavenrun-20c2bda8-7eb7-4cef-8e9d-2624771a0ab4] INFO  o.eclipse.m2e.core.internal.Bundles - 	Entry: C:\Users\sande\.p2\pool\plugins\org.eclipse.m2e.maven.runtime_3.8.701.20230209-1606\jars\maven-resolver-transport-wagon-1.6.3.jar
2023-07-11 12:34:56,531 [Worker-16: Launching mavenrun-20c2bda8-7eb7-4cef-8e9d-2624771a0ab4] INFO  o.eclipse.m2e.core.internal.Bundles - 	Entry: C:\Users\sande\.p2\pool\plugins\org.eclipse.m2e.maven.runtime_3.8.701.20230209-1606\jars\maven-resolver-util-1.6.3.jar
2023-07-11 12:34:56,531 [Worker-16: Launching mavenrun-20c2bda8-7eb7-4cef-8e9d-2624771a0ab4] INFO  o.eclipse.m2e.core.internal.Bundles - 	Entry: C:\Users\sande\.p2\pool\plugins\org.eclipse.m2e.maven.runtime_3.8.701.20230209-1606\jars\maven-settings-3.8.7.jar
2023-07-11 12:34:56,531 [Worker-16: Launching mavenrun-20c2bda8-7eb7-4cef-8e9d-2624771a0ab4] INFO  o.eclipse.m2e.core.internal.Bundles - 	Entry: C:\Users\sande\.p2\pool\plugins\org.eclipse.m2e.maven.runtime_3.8.701.20230209-1606\jars\maven-settings-builder-3.8.7.jar
2023-07-11 12:34:56,532 [Worker-16: Launching mavenrun-20c2bda8-7eb7-4cef-8e9d-2624771a0ab4] INFO  o.eclipse.m2e.core.internal.Bundles - 	Entry: C:\Users\sande\.p2\pool\plugins\org.eclipse.m2e.maven.runtime_3.8.701.20230209-1606\jars\maven-shared-utils-3.3.4.jar
2023-07-11 12:34:56,532 [Worker-16: Launching mavenrun-20c2bda8-7eb7-4cef-8e9d-2624771a0ab4] INFO  o.eclipse.m2e.core.internal.Bundles - 	Entry: C:\Users\sande\.p2\pool\plugins\org.eclipse.m2e.maven.runtime_3.8.701.20230209-1606\jars\okhttp-3.14.1.jar
2023-07-11 12:34:56,532 [Worker-16: Launching mavenrun-20c2bda8-7eb7-4cef-8e9d-2624771a0ab4] INFO  o.eclipse.m2e.core.internal.Bundles - 	Entry: C:\Users\sande\.p2\pool\plugins\org.eclipse.m2e.maven.runtime_3.8.701.20230209-1606\jars\okio-1.17.3.jar
2023-07-11 12:34:56,532 [Worker-16: Launching mavenrun-20c2bda8-7eb7-4cef-8e9d-2624771a0ab4] INFO  o.eclipse.m2e.core.internal.Bundles - 	Entry: C:\Users\sande\.p2\pool\plugins\org.eclipse.m2e.maven.runtime_3.8.701.20230209-1606\jars\org.eclipse.sisu.inject-0.3.5.jar
2023-07-11 12:34:56,533 [Worker-16: Launching mavenrun-20c2bda8-7eb7-4cef-8e9d-2624771a0ab4] INFO  o.eclipse.m2e.core.internal.Bundles - 	Entry: C:\Users\sande\.p2\pool\plugins\org.eclipse.m2e.maven.runtime_3.8.701.20230209-1606\jars\org.eclipse.sisu.plexus-0.3.5.jar
2023-07-11 12:34:56,533 [Worker-16: Launching mavenrun-20c2bda8-7eb7-4cef-8e9d-2624771a0ab4] INFO  o.eclipse.m2e.core.internal.Bundles - 	Entry: C:\Users\sande\.p2\pool\plugins\org.eclipse.m2e.maven.runtime_3.8.701.20230209-1606\jars\plexus-build-api-0.0.7.jar
2023-07-11 12:34:56,534 [Worker-16: Launching mavenrun-20c2bda8-7eb7-4cef-8e9d-2624771a0ab4] INFO  o.eclipse.m2e.core.internal.Bundles - 	Entry: C:\Users\sande\.p2\pool\plugins\org.eclipse.m2e.maven.runtime_3.8.701.20230209-1606\jars\plexus-cipher-2.0.jar
2023-07-11 12:34:56,534 [Worker-16: Launching mavenrun-20c2bda8-7eb7-4cef-8e9d-2624771a0ab4] INFO  o.eclipse.m2e.core.internal.Bundles - 	Entry: C:\Users\sande\.p2\pool\plugins\org.eclipse.m2e.maven.runtime_3.8.701.20230209-1606\jars\plexus-classworlds-2.6.0.jar
2023-07-11 12:34:56,534 [Worker-16: Launching mavenrun-20c2bda8-7eb7-4cef-8e9d-2624771a0ab4] INFO  o.eclipse.m2e.core.internal.Bundles - 	Entry: C:\Users\sande\.p2\pool\plugins\org.eclipse.m2e.maven.runtime_3.8.701.20230209-1606\jars\plexus-component-annotations-2.1.0.jar
2023-07-11 12:34:56,534 [Worker-16: Launching mavenrun-20c2bda8-7eb7-4cef-8e9d-2624771a0ab4] INFO  o.eclipse.m2e.core.internal.Bundles - 	Entry: C:\Users\sande\.p2\pool\plugins\org.eclipse.m2e.maven.runtime_3.8.701.20230209-1606\jars\plexus-interpolation-1.26.jar
2023-07-11 12:34:56,534 [Worker-16: Launching mavenrun-20c2bda8-7eb7-4cef-8e9d-2624771a0ab4] INFO  o.eclipse.m2e.core.internal.Bundles - 	Entry: C:\Users\sande\.p2\pool\plugins\org.eclipse.m2e.maven.runtime_3.8.701.20230209-1606\jars\plexus-sec-dispatcher-2.0.jar
2023-07-11 12:34:56,534 [Worker-16: Launching mavenrun-20c2bda8-7eb7-4cef-8e9d-2624771a0ab4] INFO  o.eclipse.m2e.core.internal.Bundles - 	Entry: C:\Users\sande\.p2\pool\plugins\org.eclipse.m2e.maven.runtime_3.8.701.20230209-1606\jars\plexus-utils-3.3.1.jar
2023-07-11 12:34:56,535 [Worker-16: Launching mavenrun-20c2bda8-7eb7-4cef-8e9d-2624771a0ab4] INFO  o.eclipse.m2e.core.internal.Bundles - 	Entry: C:\Users\sande\.p2\pool\plugins\org.eclipse.m2e.maven.runtime_3.8.701.20230209-1606\jars\wagon-file-3.5.3.jar
2023-07-11 12:34:56,535 [Worker-16: Launching mavenrun-20c2bda8-7eb7-4cef-8e9d-2624771a0ab4] INFO  o.eclipse.m2e.core.internal.Bundles - 	Entry: C:\Users\sande\.p2\pool\plugins\org.eclipse.m2e.maven.runtime_3.8.701.20230209-1606\jars\wagon-provider-api-3.5.3.jar
2023-07-11 12:34:56,537 [Worker-16: Launching mavenrun-20c2bda8-7eb7-4cef-8e9d-2624771a0ab4] INFO  o.eclipse.m2e.core.internal.Bundles - getClasspathEntries(Bundle=com.google.guava_31.1.0.jre [11])
2023-07-11 12:34:56,538 [Worker-16: Launching mavenrun-20c2bda8-7eb7-4cef-8e9d-2624771a0ab4] INFO  o.eclipse.m2e.core.internal.Bundles - 	Entry: C:\Users\sande\.p2\pool\plugins\com.google.guava_31.1.0.jre.jar
2023-07-11 12:34:56,539 [Worker-16: Launching mavenrun-20c2bda8-7eb7-4cef-8e9d-2624771a0ab4] INFO  o.eclipse.m2e.core.internal.Bundles - getClasspathEntries(Bundle=slf4j.api_1.7.36 [921])
2023-07-11 12:34:56,541 [Worker-16: Launching mavenrun-20c2bda8-7eb7-4cef-8e9d-2624771a0ab4] INFO  o.eclipse.m2e.core.internal.Bundles - 	Entry: C:\Users\sande\.p2\pool\plugins\slf4j.api_1.7.36.jar
2023-07-11 12:34:56,541 [Worker-16: Launching mavenrun-20c2bda8-7eb7-4cef-8e9d-2624771a0ab4] INFO  o.eclipse.m2e.core.internal.Bundles - getClasspathEntries(Bundle=javax.inject_1.0.0.v20220405-0441 [35])
2023-07-11 12:34:56,543 [Worker-16: Launching mavenrun-20c2bda8-7eb7-4cef-8e9d-2624771a0ab4] INFO  o.eclipse.m2e.core.internal.Bundles - 	Entry: C:\Users\sande\.p2\pool\plugins\javax.inject_1.0.0.v20220405-0441.jar
2023-07-11 12:34:56,543 [Worker-16: Launching mavenrun-20c2bda8-7eb7-4cef-8e9d-2624771a0ab4] INFO  o.eclipse.m2e.core.internal.Bundles - getClasspathEntries(Bundle=javax.annotation_1.3.5.v20221203-1659 [33])
2023-07-11 12:34:56,545 [Worker-16: Launching mavenrun-20c2bda8-7eb7-4cef-8e9d-2624771a0ab4] INFO  o.eclipse.m2e.core.internal.Bundles - 	Entry: C:\Users\sande\.p2\pool\plugins\javax.annotation_1.3.5.v20221203-1659.jar
2023-07-11 12:34:56,546 [Worker-16: Launching mavenrun-20c2bda8-7eb7-4cef-8e9d-2624771a0ab4] INFO  o.eclipse.m2e.core.internal.Bundles - getClasspathEntries(Bundle=org.apache.commons.cli_1.4.0.v20221112-0806 [67])
2023-07-11 12:34:56,547 [Worker-16: Launching mavenrun-20c2bda8-7eb7-4cef-8e9d-2624771a0ab4] INFO  o.eclipse.m2e.core.internal.Bundles - 	Entry: C:\Users\sande\.p2\pool\plugins\org.apache.commons.cli_1.4.0.v20221112-0806.jar
2023-07-11 12:34:56,547 [Worker-16: Launching mavenrun-20c2bda8-7eb7-4cef-8e9d-2624771a0ab4] INFO  o.eclipse.m2e.core.internal.Bundles - getClasspathEntries(Bundle=com.google.guava.failureaccess_1.0.1 [13])
2023-07-11 12:34:56,548 [Worker-16: Launching mavenrun-20c2bda8-7eb7-4cef-8e9d-2624771a0ab4] INFO  o.eclipse.m2e.core.internal.Bundles - 	Entry: C:\Users\sande\.p2\pool\plugins\com.google.guava.failureaccess_1.0.1.jar
2023-07-11 12:34:56,558 [Worker-16: Launching mavenrun-20c2bda8-7eb7-4cef-8e9d-2624771a0ab4] INFO  o.e.m.i.launch.MavenLaunchDelegate - Run build in "C:\Users\sande\AppData\Local\Temp\m2e-archetypeGenerator13029609837536834763":
2023-07-11 12:34:56,561 [Worker-16: Launching mavenrun-20c2bda8-7eb7-4cef-8e9d-2624771a0ab4] INFO  o.e.m.i.launch.MavenLaunchDelegate -  mvn  -DarchetypeGroupId=org.apache.maven.archetypes -DarchetypeArtifactId=maven-archetype-quickstart -DarchetypeVersion=1.4 -DgroupId=Project -DartifactId=Project -Dversion=0.0.1-SNAPSHOT -Dpackage=Project.Project -DoutputDirectory="E:\Saurabh sukhla program\ADVANCE JAVA\Project2" -Dstyle.color=always -U archetype:generate
2023-07-11 12:36:32,051 [Worker-8: Creating maven-archetype-quickstart] INFO  o.e.m.c.i.p.ProjectConfigurationManager - Collecting project info '/pom.xml' E:\Saurabh sukhla program\ADVANCE JAVA\Project2\Project\pom.xml
2023-07-11 12:36:32,804 [Worker-8: Creating maven-archetype-quickstart] INFO  o.e.m.c.i.l.LifecycleMappingFactory - Using org.eclipse.m2e.jdt.JarLifecycleMapping lifecycle mapping for MavenProject: Project:Project:0.0.1-SNAPSHOT @ E:\Saurabh sukhla program\ADVANCE JAVA\Project2\Project\pom.xml.
2023-07-11 12:36:33,131 [Worker-8: Creating maven-archetype-quickstart] INFO  o.e.m.c.i.p.ProjectConfigurationManager - Imported and configured 1 project(s) in 1 sec
2023-07-11 12:36:44,081 [Worker-16: Discover lifecycle mappings] INFO  o.e.m.i.discovery.MavenDiscovery - No lifecyle mapping found at jar:file:/C:/Users/sande/AppData/Local/Temp/RemoteBundleDiscoveryStrategy15958575158778825477.tmp/org.eclipse.m2e.discovery.oss_catalog_2.x.jar_833913588635653600.jar!/lifecycle%2Forg.eclipse.m2e.discovery.lifecyclemapping.m2e-egit.xml
2023-07-11 12:36:44,082 [Worker-16: Discover lifecycle mappings] WARN  o.e.m.i.discovery.MavenDiscovery - CatalogItem org.eclipse.m2e.discovery.lifecyclemapping.m2e-egit does not contain lifecycle mapping metadata
2023-07-11 12:42:06,954 [Worker-22: https://download.eclipse.org/jetty/updates/jetty-wtp/1.0.0.201107261728/content.jar] INFO  o.a.h.c.h.i.c.HttpRequestRetryExec - Recoverable I/O exception (java.net.SocketException) caught when processing request to {s}->https://archive.eclipse.org:443
